{
  "stats": {
    "suites": 1,
    "tests": 1,
    "passes": 1,
    "pending": 0,
    "failures": 0,
    "start": "2024-10-01T16:33:44.175Z",
    "end": "2024-10-01T16:33:46.216Z",
    "duration": 2041,
    "testsRegistered": 1,
    "passPercent": 100,
    "pendingPercent": 0,
    "other": 0,
    "hasOther": false,
    "skipped": 0,
    "hasSkipped": false
  },
  "results": [
    {
      "uuid": "fb434777-b96d-46e9-9422-5ec3078671f4",
      "title": "",
      "fullFile": "cypress\\e2e\\smokeTests\\registrationPagetest.cy.js",
      "file": "cypress\\e2e\\smokeTests\\registrationPagetest.cy.js",
      "beforeHooks": [],
      "afterHooks": [],
      "tests": [],
      "suites": [
        {
          "uuid": "49412de3-1b2a-4421-bc24-b04e87b26003",
          "title": "Smoke Test for Registration Page",
          "fullFile": "",
          "file": "",
          "beforeHooks": [],
          "afterHooks": [],
          "tests": [
            {
              "title": "should display registration fields and button",
              "fullTitle": "Smoke Test for Registration Page should display registration fields and button",
              "timedOut": null,
              "duration": 558,
              "state": "passed",
              "speed": "fast",
              "pass": true,
              "fail": false,
              "pending": false,
              "context": null,
              "code": "cy.get('[data-cy=\"login-input-username\"]').should(\"be.visible\");\ncy.get('[data-cy=\"login-input-password\"]').should(\"be.visible\");\ncy.get('[data-cy=\"login-submit\"]').should(\"be.visible\").and(\"contain\", \"Se connecter\");\ncy.get('a[href=\"#/register').should(\"be.visible\").and(\"contain\", \"S'inscrire\");",
              "err": {},
              "uuid": "67f5c2fc-d273-499c-975b-14c46ce52398",
              "parentUUID": "49412de3-1b2a-4421-bc24-b04e87b26003",
              "isHook": false,
              "skipped": false
            }
          ],
          "suites": [],
          "passes": [
            "67f5c2fc-d273-499c-975b-14c46ce52398"
          ],
          "failures": [],
          "pending": [],
          "skipped": [],
          "duration": 558,
          "root": false,
          "rootEmpty": false,
          "_timeout": 2000
        }
      ],
      "passes": [],
      "failures": [],
      "pending": [],
      "skipped": [],
      "duration": 0,
      "root": true,
      "rootEmpty": true,
      "_timeout": 2000
    }
  ],
  "meta": {
    "mocha": {
      "version": "7.0.1"
    },
    "mochawesome": {
      "options": {
        "quiet": false,
        "reportFilename": "report.html",
        "saveHtml": true,
        "saveJson": true,
        "consoleReporter": "spec",
        "useInlineDiffs": false,
        "code": true
      },
      "version": "7.1.3"
    },
    "marge": {
      "options": {
        "reportDir": "cypress/reports",
        "reportFilename": "report.html"
      },
      "version": "6.2.0"
    }
  }
}